  DiceRollAverageCalculator.cpp
D:\DiceRollAverage\DiceRollAverageCalculator\DiceRollAverageCalculator\DiceRollAverageCalculator.cpp(231,35): warning C4244: 'initializing': conversion from 'LRESULT' to 'int', possible loss of data
D:\DiceRollAverage\DiceRollAverageCalculator\DiceRollAverageCalculator\DiceRollAverageCalculator.cpp(314,27): warning C4244: 'initializing': conversion from 'LRESULT' to 'int', possible loss of data
D:\DiceRollAverage\DiceRollAverageCalculator\DiceRollAverageCalculator\DiceRollAverageCalculator.cpp(332,29): warning C4244: 'initializing': conversion from 'LRESULT' to 'int', possible loss of data
D:\DiceRollAverage\DiceRollAverageCalculator\DiceRollAverageCalculator\DiceRollAverageCalculator.cpp(423,62): warning C4312: 'type cast': conversion from 'int' to 'HMENU' of greater size
D:\DiceRollAverage\DiceRollAverageCalculator\DiceRollAverageCalculator\DiceRollAverageCalculator.cpp(429,63): warning C4312: 'type cast': conversion from 'int' to 'HMENU' of greater size
D:\DiceRollAverage\DiceRollAverageCalculator\DiceRollAverageCalculator\DiceRollAverageCalculator.cpp(435,1): warning C4312: 'type cast': conversion from 'int' to 'HMENU' of greater size
D:\DiceRollAverage\DiceRollAverageCalculator\DiceRollAverageCalculator\DiceRollAverageCalculator.cpp(440,1): warning C4312: 'type cast': conversion from 'int' to 'HMENU' of greater size
D:\DiceRollAverage\DiceRollAverageCalculator\DiceRollAverageCalculator\DiceRollAverageCalculator.cpp(445,1): warning C4312: 'type cast': conversion from 'int' to 'HMENU' of greater size
D:\DiceRollAverage\DiceRollAverageCalculator\DiceRollAverageCalculator\DiceRollAverageCalculator.cpp(495,31): warning C4267: 'initializing': conversion from 'size_t' to 'int', possible loss of data
D:\DiceRollAverage\DiceRollAverageCalculator\DiceRollAverageCalculator\DiceRollAverageCalculator.cpp(501,75): warning C4267: 'argument': conversion from 'size_t' to 'int', possible loss of data
D:\DiceRollAverage\DiceRollAverageCalculator\DiceRollAverageCalculator\DiceRollAverageCalculator.cpp(502,75): warning C4267: 'argument': conversion from 'size_t' to 'int', possible loss of data
D:\DiceRollAverage\DiceRollAverageCalculator\DiceRollAverageCalculator\DiceRollAverageCalculator.cpp(503,77): warning C4267: 'argument': conversion from 'size_t' to 'int', possible loss of data
D:\DiceRollAverage\DiceRollAverageCalculator\DiceRollAverageCalculator\DiceRollAverageCalculator.cpp(510,74): warning C4267: 'argument': conversion from 'size_t' to 'LONG', possible loss of data
D:\DiceRollAverage\DiceRollAverageCalculator\DiceRollAverageCalculator\DiceRollAverageCalculator.cpp(511,74): warning C4267: 'argument': conversion from 'size_t' to 'LONG', possible loss of data
D:\DiceRollAverage\DiceRollAverageCalculator\DiceRollAverageCalculator\DiceRollAverageCalculator.cpp(512,76): warning C4267: 'argument': conversion from 'size_t' to 'LONG', possible loss of data
D:\DiceRollAverage\DiceRollAverageCalculator\DiceRollAverageCalculator\DiceRollAverageCalculator.cpp(514,60): warning C4267: 'argument': conversion from 'size_t' to 'LONG', possible loss of data
D:\DiceRollAverage\DiceRollAverageCalculator\DiceRollAverageCalculator\DiceRollAverageCalculator.cpp(515,59): warning C4267: 'argument': conversion from 'size_t' to 'LONG', possible loss of data
D:\DiceRollAverage\DiceRollAverageCalculator\DiceRollAverageCalculator\DiceRollAverageCalculator.cpp(573,41): warning C4267: '+=': conversion from 'size_t' to 'int', possible loss of data
D:\DiceRollAverage\DiceRollAverageCalculator\DiceRollAverageCalculator\DiceRollAverageCalculator.cpp(585,19): warning C4244: 'initializing': conversion from 'LRESULT' to 'int', possible loss of data
D:\DiceRollAverage\DiceRollAverageCalculator\DiceRollAverageCalculator\DiceRollAverageCalculator.cpp(632,39): warning C4267: 'argument': conversion from 'size_t' to 'int', possible loss of data
D:\DiceRollAverage\DiceRollAverageCalculator\DiceRollAverageCalculator\DiceRollAverageCalculator.cpp(674,26): warning C4129: 'P': unrecognized character escape sequence
  Generating code
  2 of 878 functions ( 0.2%) were compiled, the rest were copied from previous compilation.
    0 functions were new in current compilation
    1 functions had inline decision re-evaluated but remain unchanged
  Finished generating code
  DiceRollAverageCalculator.vcxproj -> D:\DiceRollAverage\DiceRollAverageCalculator\x64\Release\DiceRollAverageCalculator.exe
